<?xml version="1.0" encoding="UTF-8"?>
<!-- Generated by org.testng.reporters.JUnitXMLReporter -->
<testsuite hostname="DESKTOP-D4SHPE1" name="Login_testcase" tests="3" failures="1" timestamp="25 Mar 2021 07:13:50 GMT" time="431.391" errors="0">
  <testcase name="login_with_incorrect_password" time="1.349" classname="com.srd.stepdefinition.login_page_test_cases"/>
  <testcase name="login_with_correct__username_password" time="60.466" classname="com.srd.stepdefinition.login_page_test_cases">
    <failure type="org.openqa.selenium.TimeoutException" message="Expected condition failed: waiting for url to be &amp;quot;http://qa.appsrdlogistics.com/dashboard/classic&amp;quot;. Current url: &amp;quot;http://qa.appsrdlogistics.com/authentication/login&amp;quot; (tried for 60 second(s) with 500 milliseconds interval)
Build info: version: &amp;apos;4.0.0-alpha-2&amp;apos;, revision: &amp;apos;f148142cf8&amp;apos;, time: &amp;apos;2019-07-01T20:55:26&amp;apos;
System info: host: &amp;apos;DESKTOP-D4SHPE1&amp;apos;, ip: &amp;apos;192.168.1.102&amp;apos;, os.name: &amp;apos;Windows 10&amp;apos;, os.arch: &amp;apos;amd64&amp;apos;, os.version: &amp;apos;10.0&amp;apos;, java.version: &amp;apos;1.8.0_181&amp;apos;
Driver info: driver.version: unknown">
      <![CDATA[org.openqa.selenium.TimeoutException: Expected condition failed: waiting for url to be "http://qa.appsrdlogistics.com/dashboard/classic". Current url: "http://qa.appsrdlogistics.com/authentication/login" (tried for 60 second(s) with 500 milliseconds interval)
Build info: version: '4.0.0-alpha-2', revision: 'f148142cf8', time: '2019-07-01T20:55:26'
System info: host: 'DESKTOP-D4SHPE1', ip: '192.168.1.102', os.name: 'Windows 10', os.arch: 'amd64', os.version: '10.0', java.version: '1.8.0_181'
Driver info: driver.version: unknown
	at org.openqa.selenium.support.ui.FluentWait.timeoutException(FluentWait.java:266)
	at org.openqa.selenium.support.ui.FluentWait.until(FluentWait.java:234)
	at com.srd.resource.base.urlwait(base.java:83)
	at com.srd.stepdefinition.login_page_test_cases.login_with_correct__username_password(login_page_test_cases.java:39)
... Removed 28 stack frames]]>
    </failure>
  </testcase> <!-- login_with_correct__username_password -->
  <testcase name="Forget_password" time="0.001" classname="com.srd.stepdefinition.login_page_test_cases"/>
</testsuite> <!-- Login_testcase -->
